<?xml version="1.0" encoding="UTF-8"?>
<!-- Generated by org.testng.reporters.JUnitReportReporter -->
<testsuite skipped="0" hostname="DESKTOP-98NP3GG" name="dataBase.Test01" tests="2" failures="0" timestamp="14 Jan 2019 08:19:10 GMT" time="1.699" errors="0">
  <testcase name="MySQLConnection" time="0.493" classname="dataBase.Test01"/>
  <testcase name="excelWrite" time="1.206" classname="dataBase.Test01"/>
</testsuite> <!-- dataBase.Test01 -->
