<?xml version="1.0" encoding="UTF-8"?>
<!-- Generated by org.testng.reporters.JUnitReportReporter -->
<testsuite skipped="0" hostname="DESKTOP-98NP3GG" name="dataBase.ExcelReadDBWrite" tests="2" failures="0" timestamp="14 Jan 2019 11:34:04 GMT" time="2.551" errors="0">
  <testcase name="ExcelRead" time="1.525" classname="dataBase.ExcelReadDBWrite"/>
  <testcase name="MySQLInsert" time="1.026" classname="dataBase.ExcelReadDBWrite"/>
</testsuite> <!-- dataBase.ExcelReadDBWrite -->
