<?xml version="1.0" encoding="UTF-8"?>
<!-- Generated by org.testng.reporters.JUnitReportReporter -->
<testsuite skipped="0" hostname="DESKTOP-98NP3GG" name="dataBase.DBReadExcelWrite" tests="2" failures="0" timestamp="14 Jan 2019 11:39:49 GMT" time="2.177" errors="0">
  <testcase name="MySQLExecute" time="0.810" classname="dataBase.DBReadExcelWrite"/>
  <testcase name="excelWrite" time="1.367" classname="dataBase.DBReadExcelWrite"/>
</testsuite> <!-- dataBase.DBReadExcelWrite -->
